<?xml version="1.0" encoding="UTF-8"?>
<!-- Generated by org.testng.reporters.JUnitXMLReporter -->
<testsuite ignored="12" hostname="DESKTOP-30A8D96" failures="0" tests="7" name="TestRunner-1" time="155.33" errors="0" timestamp="2023-08-08T16:15:42 IST">
  <testcase classname="opportunities.Navigate_to_oppurtunities_pageTest" name="navigate_to_oppurtunities_pageTest" time="3.965"/>
  <testcase classname="opportunities.VerifyOpportunityArePresentInListOfOppotunitiesPageTest" name="verifyOpportunityArePresentInListOfOppotunitiesPageTest" time="14.368"/>
  <testcase classname="campaigns.CreateCampaignUsingTheMandatoryFieldTest" name="createCampaignUsingTheMandatoryFieldTest" time="14.257"/>
  <testcase classname="sales_order.UpdateExistingSalesNameTest" name="updateExistingSalesNameTest" time="9.189"/>
  <testcase classname="sales_order.VerifySearchsalesOrderUsingSubjectTest" name="verifySearchsalesOrderUsingSubjectTest" time="5.374"/>
  <testcase classname="calendar.CreateMonthlyBasedToDoWithAllFieldsTest" name="createMonthlyBasedToDoWithAllFieldsTest" time="11.198"/>
  <testcase classname="campaigns.Navigate_To_CampaignspageTest" name="navigate_To_CampaignspageTest" time="3.428"/>
  <testcase classname="com.crm.GenericUtility.BaseClass" name="@BeforeSuite config_BS" time="0.0">
    <ignored/>
  </testcase> <!-- @BeforeSuite config_BS -->
  <testcase classname="com.crm.GenericUtility.BaseClass" name="@BeforeSuite config_BS" time="0.0">
    <ignored/>
  </testcase> <!-- @BeforeSuite config_BS -->
  <testcase classname="com.crm.GenericUtility.BaseClass" name="@BeforeSuite config_BS" time="0.0">
    <ignored/>
  </testcase> <!-- @BeforeSuite config_BS -->
  <testcase classname="com.crm.GenericUtility.BaseClass" name="@BeforeSuite config_BS" time="0.0">
    <ignored/>
  </testcase> <!-- @BeforeSuite config_BS -->
  <testcase classname="com.crm.GenericUtility.BaseClass" name="@BeforeSuite config_BS" time="0.0">
    <ignored/>
  </testcase> <!-- @BeforeSuite config_BS -->
  <testcase classname="com.crm.GenericUtility.BaseClass" name="@BeforeSuite config_BS" time="0.0">
    <ignored/>
  </testcase> <!-- @BeforeSuite config_BS -->
  <testcase classname="com.crm.GenericUtility.BaseClass" name="@AfterSuite config_AS" time="0.0">
    <ignored/>
  </testcase> <!-- @AfterSuite config_AS -->
  <testcase classname="com.crm.GenericUtility.BaseClass" name="@AfterSuite config_AS" time="0.0">
    <ignored/>
  </testcase> <!-- @AfterSuite config_AS -->
  <testcase classname="com.crm.GenericUtility.BaseClass" name="@AfterSuite config_AS" time="0.0">
    <ignored/>
  </testcase> <!-- @AfterSuite config_AS -->
  <testcase classname="com.crm.GenericUtility.BaseClass" name="@AfterSuite config_AS" time="0.0">
    <ignored/>
  </testcase> <!-- @AfterSuite config_AS -->
  <testcase classname="com.crm.GenericUtility.BaseClass" name="@AfterSuite config_AS" time="0.0">
    <ignored/>
  </testcase> <!-- @AfterSuite config_AS -->
  <testcase classname="com.crm.GenericUtility.BaseClass" name="@AfterSuite config_AS" time="0.0">
    <ignored/>
  </testcase> <!-- @AfterSuite config_AS -->
</testsuite> <!-- TestRunner-1 -->
