<?xml version="1.0" encoding="UTF-8"?>
<!-- Generated by org.testng.reporters.JUnitXMLReporter -->
<testsuite ignored="12" hostname="DESKTOP-30A8D96" failures="1" tests="7" name="TestRunner-2" time="175.556" errors="0" timestamp="2023-08-08T16:16:02 IST">
  <testcase classname="com.crm.GenericUtility.BaseClass" name="@BeforeClass config_BC" time="1.405">
    <failure type="io.github.bonigarcia.wdm.WebDriverManagerException" message="java.net.UnknownHostException: developer.microsoft.com">
      <![CDATA[io.github.bonigarcia.wdm.WebDriverManagerException: java.net.UnknownHostException: developer.microsoft.com
at io.github.bonigarcia.wdm.WebDriverManager.handleException(WebDriverManager.java:776)
at io.github.bonigarcia.wdm.WebDriverManager.manage(WebDriverManager.java:550)
at io.github.bonigarcia.wdm.WebDriverManager.handleException(WebDriverManager.java:773)
at io.github.bonigarcia.wdm.WebDriverManager.manage(WebDriverManager.java:550)
at io.github.bonigarcia.wdm.WebDriverManager.handleException(WebDriverManager.java:766)
at io.github.bonigarcia.wdm.WebDriverManager.manage(WebDriverManager.java:550)
at io.github.bonigarcia.wdm.WebDriverManager.setup(WebDriverManager.java:260)
at com.crm.GenericUtility.BaseClass.config_BC(BaseClass.java:53)
at java.base/java.util.ArrayList.forEach(ArrayList.java:1511)
at java.base/java.util.concurrent.FutureTask.run(FutureTask.java:264)
at java.base/java.util.concurrent.ThreadPoolExecutor.runWorker(ThreadPoolExecutor.java:1136)
at java.base/java.util.concurrent.ThreadPoolExecutor$Worker.run(ThreadPoolExecutor.java:635)
at java.base/java.lang.Thread.run(Thread.java:833)
Caused by: java.net.UnknownHostException: developer.microsoft.com
at java.base/java.net.InetAddress$CachedAddresses.get(InetAddress.java:801)
at java.base/java.net.InetAddress.getAllByName0(InetAddress.java:1519)
at java.base/java.net.InetAddress.getAllByName(InetAddress.java:1377)
at java.base/java.net.InetAddress.getAllByName(InetAddress.java:1305)
at org.apache.http.impl.conn.SystemDefaultDnsResolver.resolve(SystemDefaultDnsResolver.java:45)
at org.apache.http.impl.conn.DefaultHttpClientConnectionOperator.connect(DefaultHttpClientConnectionOperator.java:112)
at org.apache.http.impl.conn.PoolingHttpClientConnectionManager.connect(PoolingHttpClientConnectionManager.java:373)
at org.apache.http.impl.execchain.MainClientExec.establishRoute(MainClientExec.java:394)
at org.apache.http.impl.execchain.MainClientExec.execute(MainClientExec.java:237)
at org.apache.http.impl.execchain.ProtocolExec.execute(ProtocolExec.java:185)
at org.apache.http.impl.execchain.RetryExec.execute(RetryExec.java:89)
at org.apache.http.impl.execchain.RedirectExec.execute(RedirectExec.java:110)
at org.apache.http.impl.client.InternalHttpClient.doExecute(InternalHttpClient.java:185)
at org.apache.http.impl.client.CloseableHttpClient.execute(CloseableHttpClient.java:83)
at org.apache.http.impl.client.CloseableHttpClient.execute(CloseableHttpClient.java:108)
at io.github.bonigarcia.wdm.HttpClient.execute(HttpClient.java:169)
at io.github.bonigarcia.wdm.EdgeDriverManager.getDrivers(EdgeDriverManager.java:103)
at io.github.bonigarcia.wdm.WebDriverManager.filterCandidateUrls(WebDriverManager.java:792)
at io.github.bonigarcia.wdm.WebDriverManager.downloadAndExport(WebDriverManager.java:568)
at io.github.bonigarcia.wdm.WebDriverManager.manage(WebDriverManager.java:547)
... 27 more
... Removed 16 stack frames]]>
    </failure>
  </testcase> <!-- @BeforeClass config_BC -->
  <testcase classname="com.crm.GenericUtility.BaseClass" name="@BeforeMethod config_BM" time="0.002">
    <failure type="java.lang.NullPointerException" message="Cannot invoke &amp;quot;org.openqa.selenium.WebDriver.get(String)&amp;quot; because &amp;quot;this.driver&amp;quot; is null">
      <![CDATA[java.lang.NullPointerException: Cannot invoke "org.openqa.selenium.WebDriver.get(String)" because "this.driver" is null
at com.crm.GenericUtility.BaseClass.config_BM(BaseClass.java:66)
at java.base/java.util.ArrayList.forEach(ArrayList.java:1511)
at java.base/java.util.concurrent.FutureTask.run(FutureTask.java:264)
at java.base/java.util.concurrent.ThreadPoolExecutor.runWorker(ThreadPoolExecutor.java:1136)
at java.base/java.util.concurrent.ThreadPoolExecutor$Worker.run(ThreadPoolExecutor.java:635)
at java.base/java.lang.Thread.run(Thread.java:833)
... Removed 22 stack frames]]>
    </failure>
  </testcase> <!-- @BeforeMethod config_BM -->
  <testcase classname="com.crm.GenericUtility.BaseClass" name="@AfterMethod config_AM" time="0.136">
    <failure type="java.lang.NullPointerException">
      <![CDATA[java.lang.NullPointerException
at java.base/java.util.Objects.requireNonNull(Objects.java:208)
at org.openqa.selenium.interactions.Actions.<init>(Actions.java:65)
at com.crm.GenericUtility.WebdriverUtility.mouseHover(WebdriverUtility.java:94)
at com.crm.ObjectRepository.HomePage.clickOnAdminImg(HomePage.java:87)
at com.crm.GenericUtility.BaseClass.config_AM(BaseClass.java:78)
at java.base/java.util.ArrayList.forEach(ArrayList.java:1511)
at java.base/java.util.concurrent.FutureTask.run(FutureTask.java:264)
at java.base/java.util.concurrent.ThreadPoolExecutor.runWorker(ThreadPoolExecutor.java:1136)
at java.base/java.util.concurrent.ThreadPoolExecutor$Worker.run(ThreadPoolExecutor.java:635)
at java.base/java.lang.Thread.run(Thread.java:833)
... Removed 23 stack frames]]>
    </failure>
  </testcase> <!-- @AfterMethod config_AM -->
  <testcase classname="com.crm.GenericUtility.BaseClass" name="@AfterClass config_AC" time="0.0">
    <failure type="java.lang.NullPointerException" message="Cannot invoke &amp;quot;org.openqa.selenium.WebDriver.quit()&amp;quot; because &amp;quot;this.driver&amp;quot; is null">
      <![CDATA[java.lang.NullPointerException: Cannot invoke "org.openqa.selenium.WebDriver.quit()" because "this.driver" is null
at com.crm.GenericUtility.BaseClass.config_AC(BaseClass.java:86)
at java.base/java.util.ArrayList.forEach(ArrayList.java:1511)
at java.base/java.util.concurrent.FutureTask.run(FutureTask.java:264)
at java.base/java.util.concurrent.ThreadPoolExecutor.runWorker(ThreadPoolExecutor.java:1136)
at java.base/java.util.concurrent.ThreadPoolExecutor$Worker.run(ThreadPoolExecutor.java:635)
at java.base/java.lang.Thread.run(Thread.java:833)
... Removed 16 stack frames]]>
    </failure>
  </testcase> <!-- @AfterClass config_AC -->
  <testcase classname="com.crm.GenericUtility.BaseClass" name="@BeforeClass config_BC" time="0.256">
    <failure type="io.github.bonigarcia.wdm.WebDriverManagerException" message="java.net.UnknownHostException: developer.microsoft.com">
      <![CDATA[io.github.bonigarcia.wdm.WebDriverManagerException: java.net.UnknownHostException: developer.microsoft.com
at io.github.bonigarcia.wdm.WebDriverManager.handleException(WebDriverManager.java:776)
at io.github.bonigarcia.wdm.WebDriverManager.manage(WebDriverManager.java:550)
at io.github.bonigarcia.wdm.WebDriverManager.handleException(WebDriverManager.java:773)
at io.github.bonigarcia.wdm.WebDriverManager.manage(WebDriverManager.java:550)
at io.github.bonigarcia.wdm.WebDriverManager.handleException(WebDriverManager.java:766)
at io.github.bonigarcia.wdm.WebDriverManager.manage(WebDriverManager.java:550)
at io.github.bonigarcia.wdm.WebDriverManager.setup(WebDriverManager.java:260)
at com.crm.GenericUtility.BaseClass.config_BC(BaseClass.java:53)
at java.base/java.util.ArrayList.forEach(ArrayList.java:1511)
at java.base/java.util.concurrent.FutureTask.run(FutureTask.java:264)
at java.base/java.util.concurrent.ThreadPoolExecutor.runWorker(ThreadPoolExecutor.java:1136)
at java.base/java.util.concurrent.ThreadPoolExecutor$Worker.run(ThreadPoolExecutor.java:635)
at java.base/java.lang.Thread.run(Thread.java:833)
Caused by: java.net.UnknownHostException: developer.microsoft.com
at java.base/java.net.InetAddress$CachedAddresses.get(InetAddress.java:801)
at java.base/java.net.InetAddress.getAllByName0(InetAddress.java:1519)
at java.base/java.net.InetAddress.getAllByName(InetAddress.java:1377)
at java.base/java.net.InetAddress.getAllByName(InetAddress.java:1305)
at org.apache.http.impl.conn.SystemDefaultDnsResolver.resolve(SystemDefaultDnsResolver.java:45)
at org.apache.http.impl.conn.DefaultHttpClientConnectionOperator.connect(DefaultHttpClientConnectionOperator.java:112)
at org.apache.http.impl.conn.PoolingHttpClientConnectionManager.connect(PoolingHttpClientConnectionManager.java:373)
at org.apache.http.impl.execchain.MainClientExec.establishRoute(MainClientExec.java:394)
at org.apache.http.impl.execchain.MainClientExec.execute(MainClientExec.java:237)
at org.apache.http.impl.execchain.ProtocolExec.execute(ProtocolExec.java:185)
at org.apache.http.impl.execchain.RetryExec.execute(RetryExec.java:89)
at org.apache.http.impl.execchain.RedirectExec.execute(RedirectExec.java:110)
at org.apache.http.impl.client.InternalHttpClient.doExecute(InternalHttpClient.java:185)
at org.apache.http.impl.client.CloseableHttpClient.execute(CloseableHttpClient.java:83)
at org.apache.http.impl.client.CloseableHttpClient.execute(CloseableHttpClient.java:108)
at io.github.bonigarcia.wdm.HttpClient.execute(HttpClient.java:169)
at io.github.bonigarcia.wdm.EdgeDriverManager.getDrivers(EdgeDriverManager.java:103)
at io.github.bonigarcia.wdm.WebDriverManager.filterCandidateUrls(WebDriverManager.java:792)
at io.github.bonigarcia.wdm.WebDriverManager.downloadAndExport(WebDriverManager.java:568)
at io.github.bonigarcia.wdm.WebDriverManager.manage(WebDriverManager.java:547)
... 27 more
... Removed 16 stack frames]]>
    </failure>
  </testcase> <!-- @BeforeClass config_BC -->
  <testcase classname="com.crm.GenericUtility.BaseClass" name="@BeforeMethod config_BM" time="0.001">
    <failure type="java.lang.NullPointerException" message="Cannot invoke &amp;quot;org.openqa.selenium.WebDriver.get(String)&amp;quot; because &amp;quot;this.driver&amp;quot; is null">
      <![CDATA[java.lang.NullPointerException: Cannot invoke "org.openqa.selenium.WebDriver.get(String)" because "this.driver" is null
at com.crm.GenericUtility.BaseClass.config_BM(BaseClass.java:66)
at java.base/java.util.ArrayList.forEach(ArrayList.java:1511)
at java.base/java.util.concurrent.FutureTask.run(FutureTask.java:264)
at java.base/java.util.concurrent.ThreadPoolExecutor.runWorker(ThreadPoolExecutor.java:1136)
at java.base/java.util.concurrent.ThreadPoolExecutor$Worker.run(ThreadPoolExecutor.java:635)
at java.base/java.lang.Thread.run(Thread.java:833)
... Removed 22 stack frames]]>
    </failure>
  </testcase> <!-- @BeforeMethod config_BM -->
  <testcase classname="com.crm.GenericUtility.BaseClass" name="@AfterMethod config_AM" time="0.001">
    <failure type="java.lang.NullPointerException">
      <![CDATA[java.lang.NullPointerException
at java.base/java.util.Objects.requireNonNull(Objects.java:208)
at org.openqa.selenium.interactions.Actions.<init>(Actions.java:65)
at com.crm.GenericUtility.WebdriverUtility.mouseHover(WebdriverUtility.java:94)
at com.crm.ObjectRepository.HomePage.clickOnAdminImg(HomePage.java:87)
at com.crm.GenericUtility.BaseClass.config_AM(BaseClass.java:78)
at java.base/java.util.ArrayList.forEach(ArrayList.java:1511)
at java.base/java.util.concurrent.FutureTask.run(FutureTask.java:264)
at java.base/java.util.concurrent.ThreadPoolExecutor.runWorker(ThreadPoolExecutor.java:1136)
at java.base/java.util.concurrent.ThreadPoolExecutor$Worker.run(ThreadPoolExecutor.java:635)
at java.base/java.lang.Thread.run(Thread.java:833)
... Removed 23 stack frames]]>
    </failure>
  </testcase> <!-- @AfterMethod config_AM -->
  <testcase classname="com.crm.GenericUtility.BaseClass" name="@AfterClass config_AC" time="0.001">
    <failure type="java.lang.NullPointerException" message="Cannot invoke &amp;quot;org.openqa.selenium.WebDriver.quit()&amp;quot; because &amp;quot;this.driver&amp;quot; is null">
      <![CDATA[java.lang.NullPointerException: Cannot invoke "org.openqa.selenium.WebDriver.quit()" because "this.driver" is null
at com.crm.GenericUtility.BaseClass.config_AC(BaseClass.java:86)
at java.base/java.util.ArrayList.forEach(ArrayList.java:1511)
at java.base/java.util.concurrent.FutureTask.run(FutureTask.java:264)
at java.base/java.util.concurrent.ThreadPoolExecutor.runWorker(ThreadPoolExecutor.java:1136)
at java.base/java.util.concurrent.ThreadPoolExecutor$Worker.run(ThreadPoolExecutor.java:635)
at java.base/java.lang.Thread.run(Thread.java:833)
... Removed 16 stack frames]]>
    </failure>
  </testcase> <!-- @AfterClass config_AC -->
  <testcase classname="com.crm.GenericUtility.BaseClass" name="@BeforeClass config_BC" time="0.423">
    <failure type="io.github.bonigarcia.wdm.WebDriverManagerException" message="java.net.UnknownHostException: developer.microsoft.com">
      <![CDATA[io.github.bonigarcia.wdm.WebDriverManagerException: java.net.UnknownHostException: developer.microsoft.com
at io.github.bonigarcia.wdm.WebDriverManager.handleException(WebDriverManager.java:776)
at io.github.bonigarcia.wdm.WebDriverManager.manage(WebDriverManager.java:550)
at io.github.bonigarcia.wdm.WebDriverManager.handleException(WebDriverManager.java:773)
at io.github.bonigarcia.wdm.WebDriverManager.manage(WebDriverManager.java:550)
at io.github.bonigarcia.wdm.WebDriverManager.handleException(WebDriverManager.java:766)
at io.github.bonigarcia.wdm.WebDriverManager.manage(WebDriverManager.java:550)
at io.github.bonigarcia.wdm.WebDriverManager.setup(WebDriverManager.java:260)
at com.crm.GenericUtility.BaseClass.config_BC(BaseClass.java:53)
at java.base/java.util.ArrayList.forEach(ArrayList.java:1511)
at java.base/java.util.concurrent.FutureTask.run(FutureTask.java:264)
at java.base/java.util.concurrent.ThreadPoolExecutor.runWorker(ThreadPoolExecutor.java:1136)
at java.base/java.util.concurrent.ThreadPoolExecutor$Worker.run(ThreadPoolExecutor.java:635)
at java.base/java.lang.Thread.run(Thread.java:833)
Caused by: java.net.UnknownHostException: developer.microsoft.com
at java.base/java.net.InetAddress$CachedAddresses.get(InetAddress.java:801)
at java.base/java.net.InetAddress.getAllByName0(InetAddress.java:1519)
at java.base/java.net.InetAddress.getAllByName(InetAddress.java:1377)
at java.base/java.net.InetAddress.getAllByName(InetAddress.java:1305)
at org.apache.http.impl.conn.SystemDefaultDnsResolver.resolve(SystemDefaultDnsResolver.java:45)
at org.apache.http.impl.conn.DefaultHttpClientConnectionOperator.connect(DefaultHttpClientConnectionOperator.java:112)
at org.apache.http.impl.conn.PoolingHttpClientConnectionManager.connect(PoolingHttpClientConnectionManager.java:373)
at org.apache.http.impl.execchain.MainClientExec.establishRoute(MainClientExec.java:394)
at org.apache.http.impl.execchain.MainClientExec.execute(MainClientExec.java:237)
at org.apache.http.impl.execchain.ProtocolExec.execute(ProtocolExec.java:185)
at org.apache.http.impl.execchain.RetryExec.execute(RetryExec.java:89)
at org.apache.http.impl.execchain.RedirectExec.execute(RedirectExec.java:110)
at org.apache.http.impl.client.InternalHttpClient.doExecute(InternalHttpClient.java:185)
at org.apache.http.impl.client.CloseableHttpClient.execute(CloseableHttpClient.java:83)
at org.apache.http.impl.client.CloseableHttpClient.execute(CloseableHttpClient.java:108)
at io.github.bonigarcia.wdm.HttpClient.execute(HttpClient.java:169)
at io.github.bonigarcia.wdm.EdgeDriverManager.getDrivers(EdgeDriverManager.java:103)
at io.github.bonigarcia.wdm.WebDriverManager.filterCandidateUrls(WebDriverManager.java:792)
at io.github.bonigarcia.wdm.WebDriverManager.downloadAndExport(WebDriverManager.java:568)
at io.github.bonigarcia.wdm.WebDriverManager.manage(WebDriverManager.java:547)
... 27 more
... Removed 16 stack frames]]>
    </failure>
  </testcase> <!-- @BeforeClass config_BC -->
  <testcase classname="com.crm.GenericUtility.BaseClass" name="@BeforeMethod config_BM" time="0.002">
    <failure type="java.lang.NullPointerException" message="Cannot invoke &amp;quot;org.openqa.selenium.WebDriver.get(String)&amp;quot; because &amp;quot;this.driver&amp;quot; is null">
      <![CDATA[java.lang.NullPointerException: Cannot invoke "org.openqa.selenium.WebDriver.get(String)" because "this.driver" is null
at com.crm.GenericUtility.BaseClass.config_BM(BaseClass.java:66)
at java.base/java.util.ArrayList.forEach(ArrayList.java:1511)
at java.base/java.util.concurrent.FutureTask.run(FutureTask.java:264)
at java.base/java.util.concurrent.ThreadPoolExecutor.runWorker(ThreadPoolExecutor.java:1136)
at java.base/java.util.concurrent.ThreadPoolExecutor$Worker.run(ThreadPoolExecutor.java:635)
at java.base/java.lang.Thread.run(Thread.java:833)
... Removed 22 stack frames]]>
    </failure>
  </testcase> <!-- @BeforeMethod config_BM -->
  <testcase classname="com.crm.GenericUtility.BaseClass" name="@AfterMethod config_AM" time="0.011">
    <failure type="java.lang.NullPointerException">
      <![CDATA[java.lang.NullPointerException
at java.base/java.util.Objects.requireNonNull(Objects.java:208)
at org.openqa.selenium.interactions.Actions.<init>(Actions.java:65)
at com.crm.GenericUtility.WebdriverUtility.mouseHover(WebdriverUtility.java:94)
at com.crm.ObjectRepository.HomePage.clickOnAdminImg(HomePage.java:87)
at com.crm.GenericUtility.BaseClass.config_AM(BaseClass.java:78)
at java.base/java.util.ArrayList.forEach(ArrayList.java:1511)
at java.base/java.util.concurrent.FutureTask.run(FutureTask.java:264)
at java.base/java.util.concurrent.ThreadPoolExecutor.runWorker(ThreadPoolExecutor.java:1136)
at java.base/java.util.concurrent.ThreadPoolExecutor$Worker.run(ThreadPoolExecutor.java:635)
at java.base/java.lang.Thread.run(Thread.java:833)
... Removed 23 stack frames]]>
    </failure>
  </testcase> <!-- @AfterMethod config_AM -->
  <testcase classname="com.crm.GenericUtility.BaseClass" name="@AfterClass config_AC" time="0.0">
    <failure type="java.lang.NullPointerException" message="Cannot invoke &amp;quot;org.openqa.selenium.WebDriver.quit()&amp;quot; because &amp;quot;this.driver&amp;quot; is null">
      <![CDATA[java.lang.NullPointerException: Cannot invoke "org.openqa.selenium.WebDriver.quit()" because "this.driver" is null
at com.crm.GenericUtility.BaseClass.config_AC(BaseClass.java:86)
at java.base/java.util.ArrayList.forEach(ArrayList.java:1511)
at java.base/java.util.concurrent.FutureTask.run(FutureTask.java:264)
at java.base/java.util.concurrent.ThreadPoolExecutor.runWorker(ThreadPoolExecutor.java:1136)
at java.base/java.util.concurrent.ThreadPoolExecutor$Worker.run(ThreadPoolExecutor.java:635)
at java.base/java.lang.Thread.run(Thread.java:833)
... Removed 16 stack frames]]>
    </failure>
  </testcase> <!-- @AfterClass config_AC -->
  <testcase classname="com.crm.GenericUtility.BaseClass" name="@BeforeClass config_BC" time="0.333">
    <failure type="io.github.bonigarcia.wdm.WebDriverManagerException" message="java.net.UnknownHostException: developer.microsoft.com">
      <![CDATA[io.github.bonigarcia.wdm.WebDriverManagerException: java.net.UnknownHostException: developer.microsoft.com
at io.github.bonigarcia.wdm.WebDriverManager.handleException(WebDriverManager.java:776)
at io.github.bonigarcia.wdm.WebDriverManager.manage(WebDriverManager.java:550)
at io.github.bonigarcia.wdm.WebDriverManager.handleException(WebDriverManager.java:773)
at io.github.bonigarcia.wdm.WebDriverManager.manage(WebDriverManager.java:550)
at io.github.bonigarcia.wdm.WebDriverManager.handleException(WebDriverManager.java:766)
at io.github.bonigarcia.wdm.WebDriverManager.manage(WebDriverManager.java:550)
at io.github.bonigarcia.wdm.WebDriverManager.setup(WebDriverManager.java:260)
at com.crm.GenericUtility.BaseClass.config_BC(BaseClass.java:53)
at java.base/java.util.ArrayList.forEach(ArrayList.java:1511)
at java.base/java.util.concurrent.FutureTask.run(FutureTask.java:264)
at java.base/java.util.concurrent.ThreadPoolExecutor.runWorker(ThreadPoolExecutor.java:1136)
at java.base/java.util.concurrent.ThreadPoolExecutor$Worker.run(ThreadPoolExecutor.java:635)
at java.base/java.lang.Thread.run(Thread.java:833)
Caused by: java.net.UnknownHostException: developer.microsoft.com
at java.base/java.net.InetAddress$CachedAddresses.get(InetAddress.java:801)
at java.base/java.net.InetAddress.getAllByName0(InetAddress.java:1519)
at java.base/java.net.InetAddress.getAllByName(InetAddress.java:1377)
at java.base/java.net.InetAddress.getAllByName(InetAddress.java:1305)
at org.apache.http.impl.conn.SystemDefaultDnsResolver.resolve(SystemDefaultDnsResolver.java:45)
at org.apache.http.impl.conn.DefaultHttpClientConnectionOperator.connect(DefaultHttpClientConnectionOperator.java:112)
at org.apache.http.impl.conn.PoolingHttpClientConnectionManager.connect(PoolingHttpClientConnectionManager.java:373)
at org.apache.http.impl.execchain.MainClientExec.establishRoute(MainClientExec.java:394)
at org.apache.http.impl.execchain.MainClientExec.execute(MainClientExec.java:237)
at org.apache.http.impl.execchain.ProtocolExec.execute(ProtocolExec.java:185)
at org.apache.http.impl.execchain.RetryExec.execute(RetryExec.java:89)
at org.apache.http.impl.execchain.RedirectExec.execute(RedirectExec.java:110)
at org.apache.http.impl.client.InternalHttpClient.doExecute(InternalHttpClient.java:185)
at org.apache.http.impl.client.CloseableHttpClient.execute(CloseableHttpClient.java:83)
at org.apache.http.impl.client.CloseableHttpClient.execute(CloseableHttpClient.java:108)
at io.github.bonigarcia.wdm.HttpClient.execute(HttpClient.java:169)
at io.github.bonigarcia.wdm.EdgeDriverManager.getDrivers(EdgeDriverManager.java:103)
at io.github.bonigarcia.wdm.WebDriverManager.filterCandidateUrls(WebDriverManager.java:792)
at io.github.bonigarcia.wdm.WebDriverManager.downloadAndExport(WebDriverManager.java:568)
at io.github.bonigarcia.wdm.WebDriverManager.manage(WebDriverManager.java:547)
... 27 more
... Removed 16 stack frames]]>
    </failure>
  </testcase> <!-- @BeforeClass config_BC -->
  <testcase classname="com.crm.GenericUtility.BaseClass" name="@BeforeMethod config_BM" time="0.003">
    <failure type="java.lang.NullPointerException" message="Cannot invoke &amp;quot;org.openqa.selenium.WebDriver.get(String)&amp;quot; because &amp;quot;this.driver&amp;quot; is null">
      <![CDATA[java.lang.NullPointerException: Cannot invoke "org.openqa.selenium.WebDriver.get(String)" because "this.driver" is null
at com.crm.GenericUtility.BaseClass.config_BM(BaseClass.java:66)
at java.base/java.util.ArrayList.forEach(ArrayList.java:1511)
at java.base/java.util.concurrent.FutureTask.run(FutureTask.java:264)
at java.base/java.util.concurrent.ThreadPoolExecutor.runWorker(ThreadPoolExecutor.java:1136)
at java.base/java.util.concurrent.ThreadPoolExecutor$Worker.run(ThreadPoolExecutor.java:635)
at java.base/java.lang.Thread.run(Thread.java:833)
... Removed 22 stack frames]]>
    </failure>
  </testcase> <!-- @BeforeMethod config_BM -->
  <testcase classname="com.crm.GenericUtility.BaseClass" name="@AfterMethod config_AM" time="0.002">
    <failure type="java.lang.NullPointerException">
      <![CDATA[java.lang.NullPointerException
at java.base/java.util.Objects.requireNonNull(Objects.java:208)
at org.openqa.selenium.interactions.Actions.<init>(Actions.java:65)
at com.crm.GenericUtility.WebdriverUtility.mouseHover(WebdriverUtility.java:94)
at com.crm.ObjectRepository.HomePage.clickOnAdminImg(HomePage.java:87)
at com.crm.GenericUtility.BaseClass.config_AM(BaseClass.java:78)
at java.base/java.util.ArrayList.forEach(ArrayList.java:1511)
at java.base/java.util.concurrent.FutureTask.run(FutureTask.java:264)
at java.base/java.util.concurrent.ThreadPoolExecutor.runWorker(ThreadPoolExecutor.java:1136)
at java.base/java.util.concurrent.ThreadPoolExecutor$Worker.run(ThreadPoolExecutor.java:635)
at java.base/java.lang.Thread.run(Thread.java:833)
... Removed 23 stack frames]]>
    </failure>
  </testcase> <!-- @AfterMethod config_AM -->
  <testcase classname="com.crm.GenericUtility.BaseClass" name="@AfterClass config_AC" time="0.0">
    <failure type="java.lang.NullPointerException" message="Cannot invoke &amp;quot;org.openqa.selenium.WebDriver.quit()&amp;quot; because &amp;quot;this.driver&amp;quot; is null">
      <![CDATA[java.lang.NullPointerException: Cannot invoke "org.openqa.selenium.WebDriver.quit()" because "this.driver" is null
at com.crm.GenericUtility.BaseClass.config_AC(BaseClass.java:86)
at java.base/java.util.ArrayList.forEach(ArrayList.java:1511)
at java.base/java.util.concurrent.FutureTask.run(FutureTask.java:264)
at java.base/java.util.concurrent.ThreadPoolExecutor.runWorker(ThreadPoolExecutor.java:1136)
at java.base/java.util.concurrent.ThreadPoolExecutor$Worker.run(ThreadPoolExecutor.java:635)
at java.base/java.lang.Thread.run(Thread.java:833)
... Removed 16 stack frames]]>
    </failure>
  </testcase> <!-- @AfterClass config_AC -->
  <testcase classname="com.crm.GenericUtility.BaseClass" name="@BeforeClass config_BC" time="0.37">
    <failure type="io.github.bonigarcia.wdm.WebDriverManagerException" message="java.net.UnknownHostException: developer.microsoft.com">
      <![CDATA[io.github.bonigarcia.wdm.WebDriverManagerException: java.net.UnknownHostException: developer.microsoft.com
at io.github.bonigarcia.wdm.WebDriverManager.handleException(WebDriverManager.java:776)
at io.github.bonigarcia.wdm.WebDriverManager.manage(WebDriverManager.java:550)
at io.github.bonigarcia.wdm.WebDriverManager.handleException(WebDriverManager.java:773)
at io.github.bonigarcia.wdm.WebDriverManager.manage(WebDriverManager.java:550)
at io.github.bonigarcia.wdm.WebDriverManager.handleException(WebDriverManager.java:766)
at io.github.bonigarcia.wdm.WebDriverManager.manage(WebDriverManager.java:550)
at io.github.bonigarcia.wdm.WebDriverManager.setup(WebDriverManager.java:260)
at com.crm.GenericUtility.BaseClass.config_BC(BaseClass.java:53)
at java.base/java.util.ArrayList.forEach(ArrayList.java:1511)
at java.base/java.util.concurrent.FutureTask.run(FutureTask.java:264)
at java.base/java.util.concurrent.ThreadPoolExecutor.runWorker(ThreadPoolExecutor.java:1136)
at java.base/java.util.concurrent.ThreadPoolExecutor$Worker.run(ThreadPoolExecutor.java:635)
at java.base/java.lang.Thread.run(Thread.java:833)
Caused by: java.net.UnknownHostException: developer.microsoft.com
at java.base/java.net.InetAddress$CachedAddresses.get(InetAddress.java:801)
at java.base/java.net.InetAddress.getAllByName0(InetAddress.java:1519)
at java.base/java.net.InetAddress.getAllByName(InetAddress.java:1377)
at java.base/java.net.InetAddress.getAllByName(InetAddress.java:1305)
at org.apache.http.impl.conn.SystemDefaultDnsResolver.resolve(SystemDefaultDnsResolver.java:45)
at org.apache.http.impl.conn.DefaultHttpClientConnectionOperator.connect(DefaultHttpClientConnectionOperator.java:112)
at org.apache.http.impl.conn.PoolingHttpClientConnectionManager.connect(PoolingHttpClientConnectionManager.java:373)
at org.apache.http.impl.execchain.MainClientExec.establishRoute(MainClientExec.java:394)
at org.apache.http.impl.execchain.MainClientExec.execute(MainClientExec.java:237)
at org.apache.http.impl.execchain.ProtocolExec.execute(ProtocolExec.java:185)
at org.apache.http.impl.execchain.RetryExec.execute(RetryExec.java:89)
at org.apache.http.impl.execchain.RedirectExec.execute(RedirectExec.java:110)
at org.apache.http.impl.client.InternalHttpClient.doExecute(InternalHttpClient.java:185)
at org.apache.http.impl.client.CloseableHttpClient.execute(CloseableHttpClient.java:83)
at org.apache.http.impl.client.CloseableHttpClient.execute(CloseableHttpClient.java:108)
at io.github.bonigarcia.wdm.HttpClient.execute(HttpClient.java:169)
at io.github.bonigarcia.wdm.EdgeDriverManager.getDrivers(EdgeDriverManager.java:103)
at io.github.bonigarcia.wdm.WebDriverManager.filterCandidateUrls(WebDriverManager.java:792)
at io.github.bonigarcia.wdm.WebDriverManager.downloadAndExport(WebDriverManager.java:568)
at io.github.bonigarcia.wdm.WebDriverManager.manage(WebDriverManager.java:547)
... 27 more
... Removed 16 stack frames]]>
    </failure>
  </testcase> <!-- @BeforeClass config_BC -->
  <testcase classname="com.crm.GenericUtility.BaseClass" name="@BeforeMethod config_BM" time="0.001">
    <failure type="java.lang.NullPointerException" message="Cannot invoke &amp;quot;org.openqa.selenium.WebDriver.get(String)&amp;quot; because &amp;quot;this.driver&amp;quot; is null">
      <![CDATA[java.lang.NullPointerException: Cannot invoke "org.openqa.selenium.WebDriver.get(String)" because "this.driver" is null
at com.crm.GenericUtility.BaseClass.config_BM(BaseClass.java:66)
at java.base/java.util.ArrayList.forEach(ArrayList.java:1511)
at java.base/java.util.concurrent.FutureTask.run(FutureTask.java:264)
at java.base/java.util.concurrent.ThreadPoolExecutor.runWorker(ThreadPoolExecutor.java:1136)
at java.base/java.util.concurrent.ThreadPoolExecutor$Worker.run(ThreadPoolExecutor.java:635)
at java.base/java.lang.Thread.run(Thread.java:833)
... Removed 22 stack frames]]>
    </failure>
  </testcase> <!-- @BeforeMethod config_BM -->
  <testcase classname="com.crm.GenericUtility.BaseClass" name="@AfterMethod config_AM" time="0.002">
    <failure type="java.lang.NullPointerException">
      <![CDATA[java.lang.NullPointerException
at java.base/java.util.Objects.requireNonNull(Objects.java:208)
at org.openqa.selenium.interactions.Actions.<init>(Actions.java:65)
at com.crm.GenericUtility.WebdriverUtility.mouseHover(WebdriverUtility.java:94)
at com.crm.ObjectRepository.HomePage.clickOnAdminImg(HomePage.java:87)
at com.crm.GenericUtility.BaseClass.config_AM(BaseClass.java:78)
at java.base/java.util.ArrayList.forEach(ArrayList.java:1511)
at java.base/java.util.concurrent.FutureTask.run(FutureTask.java:264)
at java.base/java.util.concurrent.ThreadPoolExecutor.runWorker(ThreadPoolExecutor.java:1136)
at java.base/java.util.concurrent.ThreadPoolExecutor$Worker.run(ThreadPoolExecutor.java:635)
at java.base/java.lang.Thread.run(Thread.java:833)
... Removed 23 stack frames]]>
    </failure>
  </testcase> <!-- @AfterMethod config_AM -->
  <testcase classname="com.crm.GenericUtility.BaseClass" name="@AfterClass config_AC" time="0.001">
    <failure type="java.lang.NullPointerException" message="Cannot invoke &amp;quot;org.openqa.selenium.WebDriver.quit()&amp;quot; because &amp;quot;this.driver&amp;quot; is null">
      <![CDATA[java.lang.NullPointerException: Cannot invoke "org.openqa.selenium.WebDriver.quit()" because "this.driver" is null
at com.crm.GenericUtility.BaseClass.config_AC(BaseClass.java:86)
at java.base/java.util.ArrayList.forEach(ArrayList.java:1511)
at java.base/java.util.concurrent.FutureTask.run(FutureTask.java:264)
at java.base/java.util.concurrent.ThreadPoolExecutor.runWorker(ThreadPoolExecutor.java:1136)
at java.base/java.util.concurrent.ThreadPoolExecutor$Worker.run(ThreadPoolExecutor.java:635)
at java.base/java.lang.Thread.run(Thread.java:833)
... Removed 16 stack frames]]>
    </failure>
  </testcase> <!-- @AfterClass config_AC -->
  <testcase classname="com.crm.GenericUtility.BaseClass" name="@BeforeClass config_BC" time="0.349">
    <failure type="io.github.bonigarcia.wdm.WebDriverManagerException" message="java.net.UnknownHostException: developer.microsoft.com">
      <![CDATA[io.github.bonigarcia.wdm.WebDriverManagerException: java.net.UnknownHostException: developer.microsoft.com
at io.github.bonigarcia.wdm.WebDriverManager.handleException(WebDriverManager.java:776)
at io.github.bonigarcia.wdm.WebDriverManager.manage(WebDriverManager.java:550)
at io.github.bonigarcia.wdm.WebDriverManager.handleException(WebDriverManager.java:773)
at io.github.bonigarcia.wdm.WebDriverManager.manage(WebDriverManager.java:550)
at io.github.bonigarcia.wdm.WebDriverManager.handleException(WebDriverManager.java:766)
at io.github.bonigarcia.wdm.WebDriverManager.manage(WebDriverManager.java:550)
at io.github.bonigarcia.wdm.WebDriverManager.setup(WebDriverManager.java:260)
at com.crm.GenericUtility.BaseClass.config_BC(BaseClass.java:53)
at java.base/java.util.ArrayList.forEach(ArrayList.java:1511)
at java.base/java.util.concurrent.FutureTask.run(FutureTask.java:264)
at java.base/java.util.concurrent.ThreadPoolExecutor.runWorker(ThreadPoolExecutor.java:1136)
at java.base/java.util.concurrent.ThreadPoolExecutor$Worker.run(ThreadPoolExecutor.java:635)
at java.base/java.lang.Thread.run(Thread.java:833)
Caused by: java.net.UnknownHostException: developer.microsoft.com
at java.base/java.net.InetAddress$CachedAddresses.get(InetAddress.java:801)
at java.base/java.net.InetAddress.getAllByName0(InetAddress.java:1519)
at java.base/java.net.InetAddress.getAllByName(InetAddress.java:1377)
at java.base/java.net.InetAddress.getAllByName(InetAddress.java:1305)
at org.apache.http.impl.conn.SystemDefaultDnsResolver.resolve(SystemDefaultDnsResolver.java:45)
at org.apache.http.impl.conn.DefaultHttpClientConnectionOperator.connect(DefaultHttpClientConnectionOperator.java:112)
at org.apache.http.impl.conn.PoolingHttpClientConnectionManager.connect(PoolingHttpClientConnectionManager.java:373)
at org.apache.http.impl.execchain.MainClientExec.establishRoute(MainClientExec.java:394)
at org.apache.http.impl.execchain.MainClientExec.execute(MainClientExec.java:237)
at org.apache.http.impl.execchain.ProtocolExec.execute(ProtocolExec.java:185)
at org.apache.http.impl.execchain.RetryExec.execute(RetryExec.java:89)
at org.apache.http.impl.execchain.RedirectExec.execute(RedirectExec.java:110)
at org.apache.http.impl.client.InternalHttpClient.doExecute(InternalHttpClient.java:185)
at org.apache.http.impl.client.CloseableHttpClient.execute(CloseableHttpClient.java:83)
at org.apache.http.impl.client.CloseableHttpClient.execute(CloseableHttpClient.java:108)
at io.github.bonigarcia.wdm.HttpClient.execute(HttpClient.java:169)
at io.github.bonigarcia.wdm.EdgeDriverManager.getDrivers(EdgeDriverManager.java:103)
at io.github.bonigarcia.wdm.WebDriverManager.filterCandidateUrls(WebDriverManager.java:792)
at io.github.bonigarcia.wdm.WebDriverManager.downloadAndExport(WebDriverManager.java:568)
at io.github.bonigarcia.wdm.WebDriverManager.manage(WebDriverManager.java:547)
... 27 more
... Removed 16 stack frames]]>
    </failure>
  </testcase> <!-- @BeforeClass config_BC -->
  <testcase classname="com.crm.GenericUtility.BaseClass" name="@BeforeMethod config_BM" time="0.001">
    <failure type="java.lang.NullPointerException" message="Cannot invoke &amp;quot;org.openqa.selenium.WebDriver.get(String)&amp;quot; because &amp;quot;this.driver&amp;quot; is null">
      <![CDATA[java.lang.NullPointerException: Cannot invoke "org.openqa.selenium.WebDriver.get(String)" because "this.driver" is null
at com.crm.GenericUtility.BaseClass.config_BM(BaseClass.java:66)
at java.base/java.util.ArrayList.forEach(ArrayList.java:1511)
at java.base/java.util.concurrent.FutureTask.run(FutureTask.java:264)
at java.base/java.util.concurrent.ThreadPoolExecutor.runWorker(ThreadPoolExecutor.java:1136)
at java.base/java.util.concurrent.ThreadPoolExecutor$Worker.run(ThreadPoolExecutor.java:635)
at java.base/java.lang.Thread.run(Thread.java:833)
... Removed 22 stack frames]]>
    </failure>
  </testcase> <!-- @BeforeMethod config_BM -->
  <testcase classname="com.crm.GenericUtility.BaseClass" name="@AfterMethod config_AM" time="0.002">
    <failure type="java.lang.NullPointerException">
      <![CDATA[java.lang.NullPointerException
at java.base/java.util.Objects.requireNonNull(Objects.java:208)
at org.openqa.selenium.interactions.Actions.<init>(Actions.java:65)
at com.crm.GenericUtility.WebdriverUtility.mouseHover(WebdriverUtility.java:94)
at com.crm.ObjectRepository.HomePage.clickOnAdminImg(HomePage.java:87)
at com.crm.GenericUtility.BaseClass.config_AM(BaseClass.java:78)
at java.base/java.util.ArrayList.forEach(ArrayList.java:1511)
at java.base/java.util.concurrent.FutureTask.run(FutureTask.java:264)
at java.base/java.util.concurrent.ThreadPoolExecutor.runWorker(ThreadPoolExecutor.java:1136)
at java.base/java.util.concurrent.ThreadPoolExecutor$Worker.run(ThreadPoolExecutor.java:635)
at java.base/java.lang.Thread.run(Thread.java:833)
... Removed 23 stack frames]]>
    </failure>
  </testcase> <!-- @AfterMethod config_AM -->
  <testcase classname="com.crm.GenericUtility.BaseClass" name="@AfterClass config_AC" time="0.0">
    <failure type="java.lang.NullPointerException" message="Cannot invoke &amp;quot;org.openqa.selenium.WebDriver.quit()&amp;quot; because &amp;quot;this.driver&amp;quot; is null">
      <![CDATA[java.lang.NullPointerException: Cannot invoke "org.openqa.selenium.WebDriver.quit()" because "this.driver" is null
at com.crm.GenericUtility.BaseClass.config_AC(BaseClass.java:86)
at java.base/java.util.ArrayList.forEach(ArrayList.java:1511)
at java.base/java.util.concurrent.FutureTask.run(FutureTask.java:264)
at java.base/java.util.concurrent.ThreadPoolExecutor.runWorker(ThreadPoolExecutor.java:1136)
at java.base/java.util.concurrent.ThreadPoolExecutor$Worker.run(ThreadPoolExecutor.java:635)
at java.base/java.lang.Thread.run(Thread.java:833)
... Removed 16 stack frames]]>
    </failure>
  </testcase> <!-- @AfterClass config_AC -->
  <testcase classname="com.crm.GenericUtility.BaseClass" name="@BeforeClass config_BC" time="0.352">
    <failure type="io.github.bonigarcia.wdm.WebDriverManagerException" message="java.net.UnknownHostException: developer.microsoft.com">
      <![CDATA[io.github.bonigarcia.wdm.WebDriverManagerException: java.net.UnknownHostException: developer.microsoft.com
at io.github.bonigarcia.wdm.WebDriverManager.handleException(WebDriverManager.java:776)
at io.github.bonigarcia.wdm.WebDriverManager.manage(WebDriverManager.java:550)
at io.github.bonigarcia.wdm.WebDriverManager.handleException(WebDriverManager.java:773)
at io.github.bonigarcia.wdm.WebDriverManager.manage(WebDriverManager.java:550)
at io.github.bonigarcia.wdm.WebDriverManager.handleException(WebDriverManager.java:766)
at io.github.bonigarcia.wdm.WebDriverManager.manage(WebDriverManager.java:550)
at io.github.bonigarcia.wdm.WebDriverManager.setup(WebDriverManager.java:260)
at com.crm.GenericUtility.BaseClass.config_BC(BaseClass.java:53)
at java.base/java.util.ArrayList.forEach(ArrayList.java:1511)
at java.base/java.util.concurrent.FutureTask.run(FutureTask.java:264)
at java.base/java.util.concurrent.ThreadPoolExecutor.runWorker(ThreadPoolExecutor.java:1136)
at java.base/java.util.concurrent.ThreadPoolExecutor$Worker.run(ThreadPoolExecutor.java:635)
at java.base/java.lang.Thread.run(Thread.java:833)
Caused by: java.net.UnknownHostException: developer.microsoft.com
at java.base/java.net.InetAddress$CachedAddresses.get(InetAddress.java:801)
at java.base/java.net.InetAddress.getAllByName0(InetAddress.java:1519)
at java.base/java.net.InetAddress.getAllByName(InetAddress.java:1377)
at java.base/java.net.InetAddress.getAllByName(InetAddress.java:1305)
at org.apache.http.impl.conn.SystemDefaultDnsResolver.resolve(SystemDefaultDnsResolver.java:45)
at org.apache.http.impl.conn.DefaultHttpClientConnectionOperator.connect(DefaultHttpClientConnectionOperator.java:112)
at org.apache.http.impl.conn.PoolingHttpClientConnectionManager.connect(PoolingHttpClientConnectionManager.java:373)
at org.apache.http.impl.execchain.MainClientExec.establishRoute(MainClientExec.java:394)
at org.apache.http.impl.execchain.MainClientExec.execute(MainClientExec.java:237)
at org.apache.http.impl.execchain.ProtocolExec.execute(ProtocolExec.java:185)
at org.apache.http.impl.execchain.RetryExec.execute(RetryExec.java:89)
at org.apache.http.impl.execchain.RedirectExec.execute(RedirectExec.java:110)
at org.apache.http.impl.client.InternalHttpClient.doExecute(InternalHttpClient.java:185)
at org.apache.http.impl.client.CloseableHttpClient.execute(CloseableHttpClient.java:83)
at org.apache.http.impl.client.CloseableHttpClient.execute(CloseableHttpClient.java:108)
at io.github.bonigarcia.wdm.HttpClient.execute(HttpClient.java:169)
at io.github.bonigarcia.wdm.EdgeDriverManager.getDrivers(EdgeDriverManager.java:103)
at io.github.bonigarcia.wdm.WebDriverManager.filterCandidateUrls(WebDriverManager.java:792)
at io.github.bonigarcia.wdm.WebDriverManager.downloadAndExport(WebDriverManager.java:568)
at io.github.bonigarcia.wdm.WebDriverManager.manage(WebDriverManager.java:547)
... 27 more
... Removed 16 stack frames]]>
    </failure>
  </testcase> <!-- @BeforeClass config_BC -->
  <testcase classname="com.crm.GenericUtility.BaseClass" name="@BeforeMethod config_BM" time="0.002">
    <failure type="java.lang.NullPointerException" message="Cannot invoke &amp;quot;org.openqa.selenium.WebDriver.get(String)&amp;quot; because &amp;quot;this.driver&amp;quot; is null">
      <![CDATA[java.lang.NullPointerException: Cannot invoke "org.openqa.selenium.WebDriver.get(String)" because "this.driver" is null
at com.crm.GenericUtility.BaseClass.config_BM(BaseClass.java:66)
at java.base/java.util.ArrayList.forEach(ArrayList.java:1511)
at java.base/java.util.concurrent.FutureTask.run(FutureTask.java:264)
at java.base/java.util.concurrent.ThreadPoolExecutor.runWorker(ThreadPoolExecutor.java:1136)
at java.base/java.util.concurrent.ThreadPoolExecutor$Worker.run(ThreadPoolExecutor.java:635)
at java.base/java.lang.Thread.run(Thread.java:833)
... Removed 22 stack frames]]>
    </failure>
  </testcase> <!-- @BeforeMethod config_BM -->
  <testcase classname="com.crm.GenericUtility.BaseClass" name="@AfterMethod config_AM" time="0.135">
    <failure type="java.lang.NullPointerException">
      <![CDATA[java.lang.NullPointerException
at java.base/java.util.Objects.requireNonNull(Objects.java:208)
at org.openqa.selenium.interactions.Actions.<init>(Actions.java:65)
at com.crm.GenericUtility.WebdriverUtility.mouseHover(WebdriverUtility.java:94)
at com.crm.ObjectRepository.HomePage.clickOnAdminImg(HomePage.java:87)
at com.crm.GenericUtility.BaseClass.config_AM(BaseClass.java:78)
at java.base/java.util.ArrayList.forEach(ArrayList.java:1511)
at java.base/java.util.concurrent.FutureTask.run(FutureTask.java:264)
at java.base/java.util.concurrent.ThreadPoolExecutor.runWorker(ThreadPoolExecutor.java:1136)
at java.base/java.util.concurrent.ThreadPoolExecutor$Worker.run(ThreadPoolExecutor.java:635)
at java.base/java.lang.Thread.run(Thread.java:833)
... Removed 23 stack frames]]>
    </failure>
  </testcase> <!-- @AfterMethod config_AM -->
  <testcase classname="com.crm.GenericUtility.BaseClass" name="@AfterClass config_AC" time="0.001">
    <failure type="java.lang.NullPointerException" message="Cannot invoke &amp;quot;org.openqa.selenium.WebDriver.quit()&amp;quot; because &amp;quot;this.driver&amp;quot; is null">
      <![CDATA[java.lang.NullPointerException: Cannot invoke "org.openqa.selenium.WebDriver.quit()" because "this.driver" is null
at com.crm.GenericUtility.BaseClass.config_AC(BaseClass.java:86)
at java.base/java.util.ArrayList.forEach(ArrayList.java:1511)
at java.base/java.util.concurrent.FutureTask.run(FutureTask.java:264)
at java.base/java.util.concurrent.ThreadPoolExecutor.runWorker(ThreadPoolExecutor.java:1136)
at java.base/java.util.concurrent.ThreadPoolExecutor$Worker.run(ThreadPoolExecutor.java:635)
at java.base/java.lang.Thread.run(Thread.java:833)
... Removed 16 stack frames]]>
    </failure>
  </testcase> <!-- @AfterClass config_AC -->
  <testcase classname="opportunities.Navigate_to_oppurtunities_pageTest" name="navigate_to_oppurtunities_pageTest" time="3.039"/>
  <testcase classname="opportunities.VerifyOpportunityArePresentInListOfOppotunitiesPageTest" name="verifyOpportunityArePresentInListOfOppotunitiesPageTest" time="9.956"/>
  <testcase classname="campaigns.CreateCampaignUsingTheMandatoryFieldTest" name="createCampaignUsingTheMandatoryFieldTest" time="8.466"/>
  <testcase classname="sales_order.UpdateExistingSalesNameTest" name="updateExistingSalesNameTest" time="11.907">
    <failure type="org.openqa.selenium.UnhandledAlertException" message="Dismissed user prompt dialog: undefined: 
Build info: version: &amp;apos;3.141.59&amp;apos;, revision: &amp;apos;e82be7d358&amp;apos;, time: &amp;apos;2018-11-14T08:17:03&amp;apos;
System info: host: &amp;apos;DESKTOP-30A8D96&amp;apos;, ip: &amp;apos;192.168.0.195&amp;apos;, os.name: &amp;apos;Windows 10&amp;apos;, os.arch: &amp;apos;amd64&amp;apos;, os.version: &amp;apos;10.0&amp;apos;, java.version: &amp;apos;17.0.5&amp;apos;
Driver info: org.openqa.selenium.firefox.FirefoxDriver
Capabilities {acceptInsecureCerts: true, browserName: firefox, browserVersion: 115.0.3, javascriptEnabled: true, moz:accessibilityChecks: false, moz:buildID: 20230726201356, moz:geckodriverVersion: 0.31.0, moz:headless: false, moz:platformVersion: 10.0, moz:processID: 6444, moz:profile: C:\Users\Admin\AppData\Loca..., moz:shutdownTimeout: 60000, moz:useNonSpecCompliantPointerOrigin: false, moz:webdriverClick: true, moz:windowless: false, pageLoadStrategy: normal, platform: WINDOWS, platformName: WINDOWS, proxy: Proxy(), setWindowRect: true, strictFileInteractability: false, timeouts: {implicit: 0, pageLoad: 300000, script: 30000}, unhandledPromptBehavior: dismiss and notify}
Session ID: c8f8c792-042c-420a-9cf0-9e71c9a28145
*** Element info: {Using=name, value=subject}">
      <![CDATA[org.openqa.selenium.UnhandledAlertException: Dismissed user prompt dialog: undefined: 
Build info: version: '3.141.59', revision: 'e82be7d358', time: '2018-11-14T08:17:03'
System info: host: 'DESKTOP-30A8D96', ip: '192.168.0.195', os.name: 'Windows 10', os.arch: 'amd64', os.version: '10.0', java.version: '17.0.5'
Driver info: org.openqa.selenium.firefox.FirefoxDriver
Capabilities {acceptInsecureCerts: true, browserName: firefox, browserVersion: 115.0.3, javascriptEnabled: true, moz:accessibilityChecks: false, moz:buildID: 20230726201356, moz:geckodriverVersion: 0.31.0, moz:headless: false, moz:platformVersion: 10.0, moz:processID: 6444, moz:profile: C:\Users\Admin\AppData\Loca..., moz:shutdownTimeout: 60000, moz:useNonSpecCompliantPointerOrigin: false, moz:webdriverClick: true, moz:windowless: false, pageLoadStrategy: normal, platform: WINDOWS, platformName: WINDOWS, proxy: Proxy(), setWindowRect: true, strictFileInteractability: false, timeouts: {implicit: 0, pageLoad: 300000, script: 30000}, unhandledPromptBehavior: dismiss and notify}
Session ID: c8f8c792-042c-420a-9cf0-9e71c9a28145
*** Element info: {Using=name, value=subject}
at org.openqa.selenium.remote.http.W3CHttpResponseCodec.decode(W3CHttpResponseCodec.java:120)
at org.openqa.selenium.remote.http.W3CHttpResponseCodec.decode(W3CHttpResponseCodec.java:49)
at org.openqa.selenium.remote.HttpCommandExecutor.execute(HttpCommandExecutor.java:158)
at org.openqa.selenium.remote.service.DriverCommandExecutor.execute(DriverCommandExecutor.java:83)
at org.openqa.selenium.remote.RemoteWebDriver.execute(RemoteWebDriver.java:552)
at org.openqa.selenium.remote.RemoteWebDriver.findElement(RemoteWebDriver.java:323)
at org.openqa.selenium.remote.RemoteWebDriver.findElementByName(RemoteWebDriver.java:404)
at org.openqa.selenium.By$ByName.findElement(By.java:284)
at org.openqa.selenium.remote.RemoteWebDriver.findElement(RemoteWebDriver.java:315)
at org.openqa.selenium.support.pagefactory.DefaultElementLocator.findElement(DefaultElementLocator.java:69)
at org.openqa.selenium.support.pagefactory.internal.LocatingElementHandler.invoke(LocatingElementHandler.java:38)
at jdk.proxy2/jdk.proxy2.$Proxy19.clear(Unknown Source)
at com.crm.ObjectRepository.SalesOrderPage.editSalesOrder(SalesOrderPage.java:74)
at sales_order.UpdateExistingSalesNameTest.updateExistingSalesNameTest(UpdateExistingSalesNameTest.java:67)
at java.base/java.util.ArrayList.forEach(ArrayList.java:1511)
at java.base/java.util.concurrent.FutureTask.run(FutureTask.java:264)
at java.base/java.util.concurrent.ThreadPoolExecutor.runWorker(ThreadPoolExecutor.java:1136)
at java.base/java.util.concurrent.ThreadPoolExecutor$Worker.run(ThreadPoolExecutor.java:635)
at java.base/java.lang.Thread.run(Thread.java:833)
... Removed 18 stack frames]]>
    </failure>
  </testcase> <!-- updateExistingSalesNameTest -->
  <testcase classname="sales_order.VerifySearchsalesOrderUsingSubjectTest" name="verifySearchsalesOrderUsingSubjectTest" time="4.567"/>
  <testcase classname="calendar.CreateMonthlyBasedToDoWithAllFieldsTest" name="createMonthlyBasedToDoWithAllFieldsTest" time="10.184"/>
  <testcase classname="campaigns.Navigate_To_CampaignspageTest" name="navigate_To_CampaignspageTest" time="3.15"/>
  <testcase classname="com.crm.GenericUtility.BaseClass" name="@BeforeSuite config_BS" time="0.0">
    <ignored/>
  </testcase> <!-- @BeforeSuite config_BS -->
  <testcase classname="com.crm.GenericUtility.BaseClass" name="@BeforeSuite config_BS" time="0.0">
    <ignored/>
  </testcase> <!-- @BeforeSuite config_BS -->
  <testcase classname="com.crm.GenericUtility.BaseClass" name="@BeforeSuite config_BS" time="0.0">
    <ignored/>
  </testcase> <!-- @BeforeSuite config_BS -->
  <testcase classname="com.crm.GenericUtility.BaseClass" name="@BeforeSuite config_BS" time="0.0">
    <ignored/>
  </testcase> <!-- @BeforeSuite config_BS -->
  <testcase classname="com.crm.GenericUtility.BaseClass" name="@BeforeSuite config_BS" time="0.0">
    <ignored/>
  </testcase> <!-- @BeforeSuite config_BS -->
  <testcase classname="com.crm.GenericUtility.BaseClass" name="@BeforeSuite config_BS" time="0.0">
    <ignored/>
  </testcase> <!-- @BeforeSuite config_BS -->
  <testcase classname="com.crm.GenericUtility.BaseClass" name="@AfterSuite config_AS" time="0.0">
    <ignored/>
  </testcase> <!-- @AfterSuite config_AS -->
  <testcase classname="com.crm.GenericUtility.BaseClass" name="@AfterSuite config_AS" time="0.0">
    <ignored/>
  </testcase> <!-- @AfterSuite config_AS -->
  <testcase classname="com.crm.GenericUtility.BaseClass" name="@AfterSuite config_AS" time="0.0">
    <ignored/>
  </testcase> <!-- @AfterSuite config_AS -->
  <testcase classname="com.crm.GenericUtility.BaseClass" name="@AfterSuite config_AS" time="0.0">
    <ignored/>
  </testcase> <!-- @AfterSuite config_AS -->
  <testcase classname="com.crm.GenericUtility.BaseClass" name="@AfterSuite config_AS" time="0.0">
    <ignored/>
  </testcase> <!-- @AfterSuite config_AS -->
  <testcase classname="com.crm.GenericUtility.BaseClass" name="@AfterSuite config_AS" time="0.0">
    <ignored/>
  </testcase> <!-- @AfterSuite config_AS -->
</testsuite> <!-- TestRunner-2 -->
