<?xml version="1.0" encoding="UTF-8"?>
<!-- Generated by org.testng.reporters.JUnitXMLReporter -->
<testsuite ignored="2" hostname="DESKTOP-30A8D96" failures="1" tests="5" name="Test" time="41.941" errors="0" timestamp="2023-08-09T17:46:18 IST">
  <testcase classname="sales_order.UpdateExistingSalesNameTest" name="updateExistingSalesNameTest" time="3.899">
    <skipped/>
  </testcase> <!-- updateExistingSalesNameTest -->
  <testcase classname="sales_order.UpdateExistingSalesNameTest" name="updateExistingSalesNameTest" time="3.039">
    <skipped/>
  </testcase> <!-- updateExistingSalesNameTest -->
  <testcase classname="sales_order.UpdateExistingSalesNameTest" name="updateExistingSalesNameTest" time="2.869">
    <skipped/>
  </testcase> <!-- updateExistingSalesNameTest -->
  <testcase classname="sales_order.UpdateExistingSalesNameTest" name="updateExistingSalesNameTest" time="2.742">
    <failure type="java.lang.AssertionError" message="null">
      <![CDATA[java.lang.AssertionError: null
at sales_order.UpdateExistingSalesNameTest.updateExistingSalesNameTest(UpdateExistingSalesNameTest.java:64)
at java.base/java.util.ArrayList.forEach(ArrayList.java:1511)
at java.base/java.util.concurrent.FutureTask.run(FutureTask.java:264)
at java.base/java.util.concurrent.ThreadPoolExecutor.runWorker(ThreadPoolExecutor.java:1136)
at java.base/java.util.concurrent.ThreadPoolExecutor$Worker.run(ThreadPoolExecutor.java:635)
at java.base/java.lang.Thread.run(Thread.java:833)
... Removed 20 stack frames]]>
    </failure>
  </testcase> <!-- updateExistingSalesNameTest -->
  <testcase classname="sales_order.VerifySearchsalesOrderUsingSubjectTest" name="verifySearchsalesOrderUsingSubjectTest" time="3.26"/>
  <testcase classname="com.crm.GenericUtility.BaseClass" name="@BeforeSuite config_BS" time="0.0">
    <ignored/>
  </testcase> <!-- @BeforeSuite config_BS -->
  <testcase classname="com.crm.GenericUtility.BaseClass" name="@AfterSuite config_AS" time="0.0">
    <ignored/>
  </testcase> <!-- @AfterSuite config_AS -->
</testsuite> <!-- Test -->
